<?xml version="1.0" encoding="UTF-8"?>
<!-- Generated by org.testng.reporters.JUnitReportReporter -->
<testsuite name="demoselenium.demoTest" tests="1" time="27.152" ignored="0" failures="0" timestamp="02 Dec 2022 11:32:50 GMT" skipped="0" hostname="172-31-69-87" errors="0">
  <testcase name="main" time="27.152" classname="demoselenium.demoTest"/>
</testsuite> <!-- demoselenium.demoTest -->
