<?xml version="1.0" encoding="UTF-8"?>
<!-- Generated by org.testng.reporters.JUnitReportReporter -->
<testsuite name="NewTest" tests="1" time="12.507" ignored="0" failures="0" timestamp="09 Dec 2022 06:29:06 GMT" skipped="0" hostname="172-31-69-87" errors="0">
  <testcase name="f" time="12.507" classname="NewTest"/>
</testsuite> <!-- NewTest -->
